DEBUG@01-10.13:21:40:...Starting
Starting Portfolio Value: 100000.00
DEBUG@01-10.13:21:41:__init__(<Strategy.BasePatternStrategy.BasePatternStrategy object at 0x0000019F81084970>) started
DEBUG@01-10.13:21:41:__init__(<Strategy.BasePatternStrategy.BasePatternStrategy object at 0x0000019F81084970>) started
DEBUG@01-10.13:21:41:date_range_str: 24-01-06.00-00T24-01-09.23-59
INFO@01-10.13:21:41:__init__(<Strategy.BasePatternStrategy.BasePatternStrategy object at 0x0000019F81084970>) executed in 0.062 seconds
INFO@01-10.13:21:41:__init__(<Strategy.BasePatternStrategy.BasePatternStrategy object at 0x0000019F81084970>) executed in 0.147 seconds
DEBUG@01-10.13:21:41:Ran 0 Next()s reached 2024-01-06 00:00:00+00:00
DEBUG@01-10.13:21:42:Ran 100 Next()s reached 2024-01-06 01:40:00+00:00
DEBUG@01-10.13:21:42:Ran 200 Next()s reached 2024-01-06 03:20:00+00:00
DEBUG@01-10.13:21:43:Ran 300 Next()s reached 2024-01-06 05:00:00+00:00
DEBUG@01-10.13:21:44:Ran 400 Next()s reached 2024-01-06 06:40:00+00:00
DEBUG@01-10.13:21:44:Ran 500 Next()s reached 2024-01-06 08:20:00+00:00
DEBUG@01-10.13:21:45:Ran 600 Next()s reached 2024-01-06 10:00:00+00:00
DEBUG@01-10.13:21:45:Ran 700 Next()s reached 2024-01-06 11:40:00+00:00
DEBUG@01-10.13:21:46:Ran 800 Next()s reached 2024-01-06 13:20:00+00:00
DEBUG@01-10.13:21:46:added Signal Signal@(Timestamp('2024-01-06 14:15:00+0000', tz='UTC'), Timestamp('2024-01-06 04:00:00+0000', tz='UTC'), '1h', 'buy')T16.20-00:StopLimitnan@43988.48SL43835.00TP44646.20TR43970.20 @ 2024-01-06 14:15:00+00:00
DEBUG@01-10.13:21:46:Signal:Signal@(Timestamp('2024-01-06 14:15:00+0000', tz='UTC'), Timestamp('2024-01-06 04:00:00+0000', tz='UTC'), '1h', 'buy')T16.20-00:StopLimitnan@43988.48SL43835.00TP44646.20TR43970.20 Ordered: O:Buy<0.0652@43970.20Ref1StopLimit S:Sell>-0.0652@43835.00Ref2Stop P:Sell>-0.0652@44646.20Ref3Limit
DEBUG@01-10.13:21:46:Order:Buy<0.0652@43970.20Ref1StopLimit Submitted
DEBUG@01-10.13:21:46:Order:Sell>-0.0652@43835.00Ref2Stop Submitted
DEBUG@01-10.13:21:46:Order:Sell>-0.0652@44646.20Ref3Limit Submitted
DEBUG@01-10.13:21:46:Order:Buy<0.0652@43970.20Ref1StopLimit Submitted
DEBUG@01-10.13:21:46:Order:Sell>-0.0652@43835.00Ref2Stop Submitted
DEBUG@01-10.13:21:46:Order:Sell>-0.0652@44646.20Ref3Limit Submitted
DEBUG@01-10.13:21:47:Ran 900 Next()s reached 2024-01-06 15:00:00+00:00
DEBUG@01-10.13:21:47:added Signal Signal@(Timestamp('2024-01-06 16:11:00+0000', tz='UTC'), Timestamp('2024-01-06 04:00:00+0000', tz='UTC'), '15min', 'buy')T08.20-00:StopLimitnan@43976.29SL43924.20TP44200.20TR43970.20 @ 2024-01-06 16:11:00+00:00
DEBUG@01-10.13:21:47:Signal:Signal@(Timestamp('2024-01-06 16:11:00+0000', tz='UTC'), Timestamp('2024-01-06 04:00:00+0000', tz='UTC'), '15min', 'buy')T08.20-00:StopLimitnan@43976.29SL43924.20TP44200.20TR43970.20 Ordered: O:Buy<0.1920@43970.20Ref4StopLimit S:Sell>-0.1920@43924.20Ref5Stop P:Sell>-0.1920@44200.20Ref6Limit
DEBUG@01-10.13:21:47:Order:Buy<0.1920@43970.20Ref4StopLimit Submitted
DEBUG@01-10.13:21:47:Order:Sell>-0.1920@43924.20Ref5Stop Submitted
DEBUG@01-10.13:21:47:Order:Sell>-0.1920@44200.20Ref6Limit Submitted
DEBUG@01-10.13:21:47:Order:Buy<0.1920@43970.20Ref4StopLimit Submitted
DEBUG@01-10.13:21:47:Order:Sell>-0.1920@43924.20Ref5Stop Submitted
DEBUG@01-10.13:21:47:Order:Sell>-0.1920@44200.20Ref6Limit Submitted
DEBUG@01-10.13:21:47:Ran 1000 Next()s reached 2024-01-06 16:40:00+00:00
DEBUG@01-10.13:21:48:Order:Buy<0.0652@43970.20Ref1StopLimit Completed
DEBUG@01-10.13:21:48:Order:Buy<0.1920@43970.20Ref4StopLimit Completed
DEBUG@01-10.13:21:48:added Signal Signal@(Timestamp('2024-01-06 17:49:00+0000', tz='UTC'), Timestamp('2024-01-06 01:00:00+0000', tz='UTC'), '15min', 'buy')T08.17-00:StopLimitnan@44100.41SL43994.20TP44578.60TR44091.60 @ 2024-01-06 17:49:00+00:00
DEBUG@01-10.13:21:48:repeating Signal  according to Stop-Loss on Signal@(Timestamp('2024-01-06 16:11:00+0000', tz='UTC'), Timestamp('2024-01-06 04:00:00+0000', tz='UTC'), '15min', 'buy')T06.16-11:StopLimitnan@43976.29SL43924.20TP44200.20TR43970.20 @ 24-01-06.17:53=O43933.20,H43935.50,L43917.80,C43920.10V2.85
DEBUG@01-10.13:21:48:repeated Signal:Signal@2024-01-06 17:53:00+00:00T06.16-11:StopLimitnan@43976.29SL43924.20TP44200.20TR43970.20@2024-01-06 17:53:00+00:00 
DEBUG@01-10.13:21:48:Order:Sell>-0.1920@43924.20Ref5Stop Completed
DEBUG@01-10.13:21:48:Order:Sell>-0.1920@44200.20Ref6Limit Canceled
DEBUG@01-10.13:21:48:Ran 1100 Next()s reached 2024-01-06 18:20:00+00:00
DEBUG@01-10.13:21:49:added Signal Signal@(Timestamp('2024-01-06 18:59:00+0000', tz='UTC'), Timestamp('2024-01-06 04:00:00+0000', tz='UTC'), '15min', 'sell')T08.20-00:StopLimitnan@43918.11SL43970.20TP43694.20TR43924.20 @ 2024-01-06 18:59:00+00:00
DEBUG@01-10.13:21:49:repeating Signal  according to Stop-Loss on Signal@(Timestamp('2024-01-06 14:15:00+0000', tz='UTC'), Timestamp('2024-01-06 04:00:00+0000', tz='UTC'), '1h', 'buy')T06.14-15:StopLimitnan@43988.48SL43835.00TP44646.20TR43970.20 @ 24-01-06.19:42=O43859.00,H43859.00,L43832.70,C43836.90V1.77
DEBUG@01-10.13:21:49:repeated Signal:Signal@2024-01-06 19:42:00+00:00T06.14-15:StopLimitnan@43988.48SL43835.00TP44646.20TR43970.20@2024-01-06 19:42:00+00:00 
DEBUG@01-10.13:21:49:Order:Sell>-0.0652@43835.00Ref2Stop Completed
DEBUG@01-10.13:21:49:Order:Sell>-0.0652@44646.20Ref3Limit Canceled
DEBUG@01-10.13:21:49:Signal:Signal@(Timestamp('2024-01-06 17:49:00+0000', tz='UTC'), Timestamp('2024-01-06 01:00:00+0000', tz='UTC'), '15min', 'buy')T08.17-00:StopLimitnan@44100.41SL43994.20TP44578.60TR44091.60 Ordered: O:Buy<0.0942@44091.60Ref7StopLimit S:Sell>-0.0942@43994.20Ref8Stop P:Sell>-0.0942@44578.60Ref9Limit
DEBUG@01-10.13:21:49:Signal:Signal@(Timestamp('2024-01-06 18:59:00+0000', tz='UTC'), Timestamp('2024-01-06 04:00:00+0000', tz='UTC'), '15min', 'sell')T08.20-00:StopLimitnan@43918.11SL43970.20TP43694.20TR43924.20 Ordered: O:Sell>-0.1920@43918.11Ref10Limit S:Buy<0.1920@43970.20Ref11Stop P:Buy<0.1920@43694.20Ref12Limit
DEBUG@01-10.13:21:49:Order:Buy<0.0942@44091.60Ref7StopLimit Submitted
DEBUG@01-10.13:21:49:Order:Sell>-0.0942@43994.20Ref8Stop Submitted
DEBUG@01-10.13:21:49:Order:Sell>-0.0942@44578.60Ref9Limit Submitted
DEBUG@01-10.13:21:49:Order:Sell>-0.1920@43918.11Ref10Limit Submitted
DEBUG@01-10.13:21:49:Order:Buy<0.1920@43970.20Ref11Stop Submitted
DEBUG@01-10.13:21:49:Order:Buy<0.1920@43694.20Ref12Limit Submitted
DEBUG@01-10.13:21:49:Order:Buy<0.0942@44091.60Ref7StopLimit Submitted
DEBUG@01-10.13:21:49:Order:Sell>-0.0942@43994.20Ref8Stop Submitted
DEBUG@01-10.13:21:49:Order:Sell>-0.0942@44578.60Ref9Limit Submitted
DEBUG@01-10.13:21:49:Order:Sell>-0.1920@43918.11Ref10Limit Submitted
DEBUG@01-10.13:21:49:Order:Buy<0.1920@43970.20Ref11Stop Submitted
DEBUG@01-10.13:21:49:Order:Buy<0.1920@43694.20Ref12Limit Submitted
DEBUG@01-10.13:21:49:Order:Sell>-0.1920@43918.11Ref10Limit Completed
DEBUG@01-10.13:21:49:Ran 1200 Next()s reached 2024-01-06 20:00:00+00:00
DEBUG@01-10.13:21:49:Took profit on Signal:Signal@(Timestamp('2024-01-06 18:59:00+0000', tz='UTC'), Timestamp('2024-01-06 04:00:00+0000', tz='UTC'), '15min', 'sell')T06.19-42:StopLimitnan@43918.11SL43970.20TP43694.20TR43924.20@2024-01-06 20:13:00+00:00
DEBUG@01-10.13:21:49:Order:Buy<0.1920@43694.20Ref12Limit Completed
DEBUG@01-10.13:21:49:Order:Buy<0.1920@43970.20Ref11Stop Canceled
DEBUG@01-10.13:21:49:added Signal Signal@(Timestamp('2024-01-06 20:13:00+0000', tz='UTC'), Timestamp('2024-01-06 08:45:00+0000', tz='UTC'), '15min', 'sell')T09.00-45:StopLimitnan@43621.50SL43705.70TP43235.90TR43627.40 @ 2024-01-06 20:13:00+00:00
DEBUG@01-10.13:21:49:Signal:Signal@(Timestamp('2024-01-06 20:13:00+0000', tz='UTC'), Timestamp('2024-01-06 08:45:00+0000', tz='UTC'), '15min', 'sell')T09.00-45:StopLimitnan@43621.50SL43705.70TP43235.90TR43627.40 Ordered: O:Sell>-0.1188@43627.40Ref13StopLimit S:Buy<0.1188@43705.70Ref14Stop P:Buy<0.1188@43235.90Ref15Limit
DEBUG@01-10.13:21:49:Order:Sell>-0.1188@43627.40Ref13StopLimit Submitted
DEBUG@01-10.13:21:49:Order:Buy<0.1188@43705.70Ref14Stop Submitted
DEBUG@01-10.13:21:49:Order:Buy<0.1188@43235.90Ref15Limit Submitted
DEBUG@01-10.13:21:49:Order:Sell>-0.1188@43627.40Ref13StopLimit Submitted
DEBUG@01-10.13:21:50:Order:Buy<0.1188@43705.70Ref14Stop Submitted
DEBUG@01-10.13:21:50:Order:Buy<0.1188@43235.90Ref15Limit Submitted
DEBUG@01-10.13:21:50:Ran 1300 Next()s reached 2024-01-06 21:40:00+00:00
DEBUG@01-10.13:21:51:Ran 1400 Next()s reached 2024-01-06 23:20:00+00:00
DEBUG@01-10.13:21:51:Order:Buy<0.0942@44091.60Ref7StopLimit Completed
DEBUG@01-10.13:21:51:Ran 1500 Next()s reached 2024-01-07 01:00:00+00:00
DEBUG@01-10.13:21:52:repeating Signal  according to Stop-Loss on Signal@(Timestamp('2024-01-06 17:49:00+0000', tz='UTC'), Timestamp('2024-01-06 01:00:00+0000', tz='UTC'), '15min', 'buy')T06.19-42:StopLimitnan@44100.41SL43994.20TP44578.60TR44091.60 @ 24-01-07.01:57=O44019.40,H44019.40,L43988.60,C43992.70V1.78
DEBUG@01-10.13:21:52:repeated Signal:Signal@2024-01-07 01:57:00+00:00T06.19-42:StopLimitnan@44100.41SL43994.20TP44578.60TR44091.60@2024-01-07 01:57:00+00:00 
DEBUG@01-10.13:21:52:Order:Sell>-0.0942@43994.20Ref8Stop Completed
DEBUG@01-10.13:21:52:Order:Sell>-0.0942@44578.60Ref9Limit Canceled
DEBUG@01-10.13:21:52:Ran 1600 Next()s reached 2024-01-07 02:40:00+00:00
DEBUG@01-10.13:21:52:Ran 1700 Next()s reached 2024-01-07 04:20:00+00:00
DEBUG@01-10.13:21:53:Ran 1800 Next()s reached 2024-01-07 06:00:00+00:00
DEBUG@01-10.13:21:53:Ran 1900 Next()s reached 2024-01-07 07:40:00+00:00
DEBUG@01-10.13:21:54:Ran 2000 Next()s reached 2024-01-07 09:20:00+00:00
DEBUG@01-10.13:21:55:Ran 2100 Next()s reached 2024-01-07 11:00:00+00:00
DEBUG@01-10.13:21:55:Ran 2200 Next()s reached 2024-01-07 12:40:00+00:00
DEBUG@01-10.13:21:56:Ran 2300 Next()s reached 2024-01-07 14:20:00+00:00
DEBUG@01-10.13:21:56:added Signal Signal@(Timestamp('2024-01-07 15:40:00+0000', tz='UTC'), Timestamp('2024-01-06 01:00:00+0000', tz='UTC'), '15min', 'sell')T08.17-00:StopLimitnan@43985.39SL44091.60TP43507.20TR43994.20 @ 2024-01-07 15:40:00+00:00
DEBUG@01-10.13:21:56:Signal:Signal@(Timestamp('2024-01-07 15:40:00+0000', tz='UTC'), Timestamp('2024-01-06 01:00:00+0000', tz='UTC'), '15min', 'sell')T08.17-00:StopLimitnan@43985.39SL44091.60TP43507.20TR43994.20 Ordered: O:Sell>-0.0942@43994.20Ref16StopLimit S:Buy<0.0942@44091.60Ref17Stop P:Buy<0.0942@43507.20Ref18Limit
DEBUG@01-10.13:21:56:Order:Sell>-0.0942@43994.20Ref16StopLimit Submitted
DEBUG@01-10.13:21:56:Order:Buy<0.0942@44091.60Ref17Stop Submitted
DEBUG@01-10.13:21:56:Order:Buy<0.0942@43507.20Ref18Limit Submitted
DEBUG@01-10.13:21:56:Order:Sell>-0.0942@43994.20Ref16StopLimit Submitted
DEBUG@01-10.13:21:56:Order:Buy<0.0942@44091.60Ref17Stop Submitted
DEBUG@01-10.13:21:56:Order:Buy<0.0942@43507.20Ref18Limit Submitted
DEBUG@01-10.13:21:57:Order:Sell>-0.0942@43994.20Ref16StopLimit Completed
DEBUG@01-10.13:21:57:added Signal Signal@(Timestamp('2024-01-07 15:46:00+0000', tz='UTC'), Timestamp('2024-01-06 04:00:00+0000', tz='UTC'), '1h', 'sell')T16.20-00:StopLimitnan@43816.72SL43970.20TP43159.00TR43835.00 @ 2024-01-07 15:46:00+00:00
DEBUG@01-10.13:21:57:added Signal Signal@(Timestamp('2024-01-07 15:46:00+0000', tz='UTC'), Timestamp('2024-01-07 04:00:00+0000', tz='UTC'), '1h', 'sell')T17.20-00:StopLimitnan@43895.26SL44032.90TP43264.30TR43904.80 @ 2024-01-07 15:46:00+00:00
DEBUG@01-10.13:21:57:Signal:Signal@(Timestamp('2024-01-07 15:46:00+0000', tz='UTC'), Timestamp('2024-01-06 04:00:00+0000', tz='UTC'), '1h', 'sell')T16.20-00:StopLimitnan@43816.72SL43970.20TP43159.00TR43835.00 Ordered: O:Sell>-0.0652@43835.00Ref19StopLimit S:Buy<0.0652@43970.20Ref20Stop P:Buy<0.0652@43159.00Ref21Limit
DEBUG@01-10.13:21:57:Signal:Signal@(Timestamp('2024-01-07 15:46:00+0000', tz='UTC'), Timestamp('2024-01-07 04:00:00+0000', tz='UTC'), '1h', 'sell')T17.20-00:StopLimitnan@43895.26SL44032.90TP43264.30TR43904.80 Ordered: O:Sell>-0.0727@43904.80Ref22StopLimit S:Buy<0.0727@44032.90Ref23Stop P:Buy<0.0727@43264.30Ref24Limit
DEBUG@01-10.13:21:57:Order:Sell>-0.0652@43835.00Ref19StopLimit Submitted
DEBUG@01-10.13:21:57:Order:Buy<0.0652@43970.20Ref20Stop Submitted
DEBUG@01-10.13:21:57:Order:Buy<0.0652@43159.00Ref21Limit Submitted
DEBUG@01-10.13:21:57:Order:Sell>-0.0727@43904.80Ref22StopLimit Submitted
DEBUG@01-10.13:21:57:Order:Buy<0.0727@44032.90Ref23Stop Submitted
DEBUG@01-10.13:21:57:Order:Buy<0.0727@43264.30Ref24Limit Submitted
DEBUG@01-10.13:21:57:Order:Sell>-0.0652@43835.00Ref19StopLimit Submitted
DEBUG@01-10.13:21:57:Order:Buy<0.0652@43970.20Ref20Stop Submitted
DEBUG@01-10.13:21:57:Order:Buy<0.0652@43159.00Ref21Limit Submitted
DEBUG@01-10.13:21:57:Order:Sell>-0.0727@43904.80Ref22StopLimit Submitted
DEBUG@01-10.13:21:57:Order:Buy<0.0727@44032.90Ref23Stop Submitted
DEBUG@01-10.13:21:57:Order:Buy<0.0727@43264.30Ref24Limit Submitted
DEBUG@01-10.13:21:57:Ran 2400 Next()s reached 2024-01-07 16:00:00+00:00
DEBUG@01-10.13:21:57:repeating Signal  according to Stop-Loss on Signal@(Timestamp('2024-01-07 15:40:00+0000', tz='UTC'), Timestamp('2024-01-06 01:00:00+0000', tz='UTC'), '15min', 'sell')T07.15-40:StopLimitnan@43985.39SL44091.60TP43507.20TR43994.20 @ 24-01-07.16:03=O44089.60,H44105.00,L44077.00,C44094.50V3.04
DEBUG@01-10.13:21:57:repeated Signal:Signal@2024-01-07 16:03:00+00:00T07.15-40:StopLimitnan@43985.39SL44091.60TP43507.20TR43994.20@2024-01-07 16:03:00+00:00 
DEBUG@01-10.13:21:57:Order:Buy<0.0942@44091.60Ref17Stop Completed
DEBUG@01-10.13:21:57:Order:Buy<0.0942@43507.20Ref18Limit Canceled
DEBUG@01-10.13:21:57:Order:Sell>-0.0727@43904.80Ref22StopLimit Completed
DEBUG@01-10.13:21:57:Order:Sell>-0.0652@43835.00Ref19StopLimit Completed
DEBUG@01-10.13:21:57:added Signal Signal@(Timestamp('2024-01-07 17:06:00+0000', tz='UTC'), Timestamp('2024-01-07 04:00:00+0000', tz='UTC'), '1h', 'buy')T17.20-00:StopLimitnan@44042.44SL43904.80TP44673.40TR44032.90 @ 2024-01-07 17:06:00+00:00
DEBUG@01-10.13:21:57:Signal:Signal@(Timestamp('2024-01-07 17:06:00+0000', tz='UTC'), Timestamp('2024-01-07 04:00:00+0000', tz='UTC'), '1h', 'buy')T17.20-00:StopLimitnan@44042.44SL43904.80TP44673.40TR44032.90 Ordered: O:Buy<0.0727@44032.90Ref25StopLimit S:Sell>-0.0727@43904.80Ref26Stop P:Sell>-0.0727@44673.40Ref27Limit
DEBUG@01-10.13:21:57:Order:Buy<0.0727@44032.90Ref25StopLimit Submitted
DEBUG@01-10.13:21:57:Order:Sell>-0.0727@43904.80Ref26Stop Submitted
DEBUG@01-10.13:21:58:Order:Sell>-0.0727@44673.40Ref27Limit Submitted
DEBUG@01-10.13:21:58:Order:Buy<0.0727@44032.90Ref25StopLimit Submitted
DEBUG@01-10.13:21:58:Order:Sell>-0.0727@43904.80Ref26Stop Submitted
DEBUG@01-10.13:21:58:Order:Sell>-0.0727@44673.40Ref27Limit Submitted
DEBUG@01-10.13:21:58:repeating Signal  according to Stop-Loss on Signal@(Timestamp('2024-01-07 15:46:00+0000', tz='UTC'), Timestamp('2024-01-06 04:00:00+0000', tz='UTC'), '1h', 'sell')T07.15-46:StopLimitnan@43816.72SL43970.20TP43159.00TR43835.00 @ 24-01-07.17:12=O43962.70,H43980.00,L43962.70,C43973.70V0.45
DEBUG@01-10.13:21:58:repeated Signal:Signal@2024-01-07 17:12:00+00:00T07.15-46:StopLimitnan@43816.72SL43970.20TP43159.00TR43835.00@2024-01-07 17:12:00+00:00 
DEBUG@01-10.13:21:58:Order:Buy<0.0652@43970.20Ref20Stop Completed
DEBUG@01-10.13:21:58:Order:Buy<0.0652@43159.00Ref21Limit Canceled
DEBUG@01-10.13:21:58:repeating Signal  according to Stop-Loss on Signal@(Timestamp('2024-01-07 15:46:00+0000', tz='UTC'), Timestamp('2024-01-07 04:00:00+0000', tz='UTC'), '1h', 'sell')T07.15-46:StopLimitnan@43895.26SL44032.90TP43264.30TR43904.80 @ 24-01-07.17:22=O44009.60,H44033.00,L44004.50,C44019.70V6.58
DEBUG@01-10.13:21:58:repeated Signal:Signal@2024-01-07 17:22:00+00:00T07.15-46:StopLimitnan@43895.26SL44032.90TP43264.30TR43904.80@2024-01-07 17:22:00+00:00 
DEBUG@01-10.13:21:58:Order:Buy<0.0727@44032.90Ref23Stop Completed
DEBUG@01-10.13:21:58:Order:Buy<0.0727@43264.30Ref24Limit Canceled
DEBUG@01-10.13:21:58:Order:Buy<0.0727@44032.90Ref25StopLimit Completed
DEBUG@01-10.13:21:58:Ran 2500 Next()s reached 2024-01-07 17:40:00+00:00
DEBUG@01-10.13:21:58:Ran 2600 Next()s reached 2024-01-07 19:20:00+00:00
DEBUG@01-10.13:21:59:Ran 2700 Next()s reached 2024-01-07 21:00:00+00:00
DEBUG@01-10.13:21:59:repeating Signal  according to Stop-Loss on Signal@(Timestamp('2024-01-07 17:06:00+0000', tz='UTC'), Timestamp('2024-01-07 04:00:00+0000', tz='UTC'), '1h', 'buy')T07.17-06:StopLimitnan@44042.44SL43904.80TP44673.40TR44032.90 @ 24-01-07.22:31=O43944.40,H43944.40,L43814.00,C43831.30V18.96
DEBUG@01-10.13:21:59:repeated Signal:Signal@2024-01-07 22:31:00+00:00T07.17-06:StopLimitnan@44042.44SL43904.80TP44673.40TR44032.90@2024-01-07 22:31:00+00:00 
DEBUG@01-10.13:21:59:Order:Sell>-0.0727@43904.80Ref26Stop Completed
DEBUG@01-10.13:21:59:Order:Sell>-0.0727@44673.40Ref27Limit Canceled
DEBUG@01-10.13:22:00:Ran 2800 Next()s reached 2024-01-07 22:40:00+00:00
DEBUG@01-10.13:22:00:Order:Sell>-0.1188@43627.40Ref13StopLimit Completed
DEBUG@01-10.13:22:00:repeating Signal  according to Stop-Loss on Signal@(Timestamp('2024-01-06 20:13:00+0000', tz='UTC'), Timestamp('2024-01-06 08:45:00+0000', tz='UTC'), '15min', 'sell')T06.20-13:StopLimitnan@43621.50SL43705.70TP43235.90TR43627.40 @ 24-01-07.23:47=O43699.90,H43736.90,L43683.90,C43736.90V4.68
DEBUG@01-10.13:22:00:repeated Signal:Signal@2024-01-07 23:47:00+00:00T06.20-13:StopLimitnan@43621.50SL43705.70TP43235.90TR43627.40@2024-01-07 23:47:00+00:00 
DEBUG@01-10.13:22:00:Order:Buy<0.1188@43705.70Ref14Stop Completed
DEBUG@01-10.13:22:00:Order:Buy<0.1188@43235.90Ref15Limit Canceled
DEBUG@01-10.13:22:00:Ran 2900 Next()s reached 2024-01-08 00:20:00+00:00
DEBUG@01-10.13:22:01:Ran 3000 Next()s reached 2024-01-08 02:00:00+00:00
DEBUG@01-10.13:22:01:Ran 3100 Next()s reached 2024-01-08 03:40:00+00:00
DEBUG@01-10.13:22:02:added Signal Signal@(Timestamp('2024-01-08 05:09:00+0000', tz='UTC'), Timestamp('2024-01-06 08:45:00+0000', tz='UTC'), '15min', 'buy')T09.00-45:StopLimitnan@43711.60SL43627.40TP44097.20TR43705.70 @ 2024-01-08 05:09:00+00:00
DEBUG@01-10.13:22:02:Signal:Signal@(Timestamp('2024-01-08 05:09:00+0000', tz='UTC'), Timestamp('2024-01-06 08:45:00+0000', tz='UTC'), '15min', 'buy')T09.00-45:StopLimitnan@43711.60SL43627.40TP44097.20TR43705.70 Ordered: O:Buy<0.1188@43705.70Ref28StopLimit S:Sell>-0.1188@43627.40Ref29Stop P:Sell>-0.1188@44097.20Ref30Limit
DEBUG@01-10.13:22:02:Order:Buy<0.1188@43705.70Ref28StopLimit Submitted
DEBUG@01-10.13:22:02:Order:Sell>-0.1188@43627.40Ref29Stop Submitted
DEBUG@01-10.13:22:02:Order:Sell>-0.1188@44097.20Ref30Limit Submitted
DEBUG@01-10.13:22:02:Order:Buy<0.1188@43705.70Ref28StopLimit Submitted
DEBUG@01-10.13:22:02:Order:Sell>-0.1188@43627.40Ref29Stop Submitted
DEBUG@01-10.13:22:02:Order:Sell>-0.1188@44097.20Ref30Limit Submitted
DEBUG@01-10.13:22:02:Ran 3200 Next()s reached 2024-01-08 05:20:00+00:00
DEBUG@01-10.13:22:03:Order:Buy<0.1188@43705.70Ref28StopLimit Completed
DEBUG@01-10.13:22:03:added Signal Signal@(Timestamp('2024-01-08 06:21:00+0000', tz='UTC'), Timestamp('2024-01-07 18:45:00+0000', tz='UTC'), '15min', 'buy')T10.10-45:StopLimitnan@44171.25SL44109.50TP44446.10TR44165.60 @ 2024-01-08 06:21:00+00:00
DEBUG@01-10.13:22:03:added Signal Signal@(Timestamp('2024-01-08 06:21:00+0000', tz='UTC'), Timestamp('2024-01-07 21:00:00+0000', tz='UTC'), '1h', 'buy')T18.13-00:StopLimitnan@44258.18SL44118.50TP44892.50TR44247.50 @ 2024-01-08 06:21:00+00:00
DEBUG@01-10.13:22:03:added Signal Signal@(Timestamp('2024-01-08 06:21:00+0000', tz='UTC'), Timestamp('2024-01-07 18:45:00+0000', tz='UTC'), '15min', 'sell')T10.10-45:StopLimitnan@44103.85SL44165.60TP43829.00TR44109.50 @ 2024-01-08 06:21:00+00:00
DEBUG@01-10.13:22:03:Took profit on Signal:Signal@(Timestamp('2024-01-08 05:09:00+0000', tz='UTC'), Timestamp('2024-01-06 08:45:00+0000', tz='UTC'), '15min', 'buy')T08.05-09:StopLimitnan@43711.60SL43627.40TP44097.20TR43705.70@2024-01-08 06:22:00+00:00
DEBUG@01-10.13:22:03:Order:Sell>-0.1188@44097.20Ref30Limit Completed
DEBUG@01-10.13:22:03:Order:Sell>-0.1188@43627.40Ref29Stop Canceled
DEBUG@01-10.13:22:03:Signal:Signal@(Timestamp('2024-01-08 06:21:00+0000', tz='UTC'), Timestamp('2024-01-07 18:45:00+0000', tz='UTC'), '15min', 'buy')T10.10-45:StopLimitnan@44171.25SL44109.50TP44446.10TR44165.60 Ordered: O:Buy<0.1619@44171.25Ref31Limit S:Sell>-0.1619@44109.50Ref32Stop P:Sell>-0.1619@44446.10Ref33Limit
DEBUG@01-10.13:22:03:Signal:Signal@(Timestamp('2024-01-08 06:21:00+0000', tz='UTC'), Timestamp('2024-01-07 21:00:00+0000', tz='UTC'), '1h', 'buy')T18.13-00:StopLimitnan@44258.18SL44118.50TP44892.50TR44247.50 Ordered: O:Buy<0.0716@44258.18Ref34Limit S:Sell>-0.0716@44118.50Ref35Stop P:Sell>-0.0716@44892.50Ref36Limit
DEBUG@01-10.13:22:03:Signal:Signal@(Timestamp('2024-01-08 06:21:00+0000', tz='UTC'), Timestamp('2024-01-07 18:45:00+0000', tz='UTC'), '15min', 'sell')T10.10-45:StopLimitnan@44103.85SL44165.60TP43829.00TR44109.50 Ordered: O:Sell>-0.1619@44103.85Ref37Limit S:Buy<0.1619@44165.60Ref38Stop P:Buy<0.1619@43829.00Ref39Limit
DEBUG@01-10.13:22:03:Order:Buy<0.1619@44171.25Ref31Limit Submitted
DEBUG@01-10.13:22:03:Order:Sell>-0.1619@44109.50Ref32Stop Submitted
DEBUG@01-10.13:22:03:Order:Sell>-0.1619@44446.10Ref33Limit Submitted
DEBUG@01-10.13:22:03:Order:Buy<0.0716@44258.18Ref34Limit Submitted
DEBUG@01-10.13:22:03:Order:Sell>-0.0716@44118.50Ref35Stop Submitted
DEBUG@01-10.13:22:03:Order:Sell>-0.0716@44892.50Ref36Limit Submitted
DEBUG@01-10.13:22:03:Order:Sell>-0.1619@44103.85Ref37Limit Submitted
DEBUG@01-10.13:22:03:Order:Buy<0.1619@44165.60Ref38Stop Submitted
DEBUG@01-10.13:22:03:Order:Buy<0.1619@43829.00Ref39Limit Submitted
DEBUG@01-10.13:22:03:Order:Buy<0.1619@44171.25Ref31Limit Submitted
DEBUG@01-10.13:22:03:Order:Sell>-0.1619@44109.50Ref32Stop Submitted
DEBUG@01-10.13:22:03:Order:Sell>-0.1619@44446.10Ref33Limit Submitted
DEBUG@01-10.13:22:03:Order:Buy<0.0716@44258.18Ref34Limit Submitted
DEBUG@01-10.13:22:03:Order:Sell>-0.0716@44118.50Ref35Stop Submitted
DEBUG@01-10.13:22:03:Order:Sell>-0.0716@44892.50Ref36Limit Submitted
DEBUG@01-10.13:22:03:Order:Sell>-0.1619@44103.85Ref37Limit Submitted
DEBUG@01-10.13:22:03:Order:Buy<0.1619@44165.60Ref38Stop Submitted
DEBUG@01-10.13:22:03:Order:Buy<0.1619@43829.00Ref39Limit Submitted
DEBUG@01-10.13:22:03:Order:Buy<0.1619@44171.25Ref31Limit Partially executed
DEBUG@01-10.13:22:03:Order:Buy<0.0716@44258.18Ref34Limit Completed
DEBUG@01-10.13:22:03:Order:Buy<0.1619@44171.25Ref31Limit Completed
DEBUG@01-10.13:22:03:repeating Signal  according to Stop-Loss on Signal@(Timestamp('2024-01-08 06:21:00+0000', tz='UTC'), Timestamp('2024-01-07 21:00:00+0000', tz='UTC'), '1h', 'buy')T08.06-22:StopLimitnan@44258.18SL44118.50TP44892.50TR44247.50 @ 24-01-08.06:24=O44011.90,H44047.10,L43973.50,C44038.40V13.09
DEBUG@01-10.13:22:03:repeated Signal:Signal@2024-01-08 06:24:00+00:00T08.06-22:StopLimitnan@44258.18SL44118.50TP44892.50TR44247.50@2024-01-08 06:24:00+00:00 
DEBUG@01-10.13:22:03:Order:Sell>-0.0716@44118.50Ref35Stop Completed
DEBUG@01-10.13:22:03:Order:Sell>-0.0716@44892.50Ref36Limit Canceled
DEBUG@01-10.13:22:03:repeating Signal  according to Stop-Loss on Signal@(Timestamp('2024-01-08 06:21:00+0000', tz='UTC'), Timestamp('2024-01-07 18:45:00+0000', tz='UTC'), '15min', 'buy')T08.06-22:StopLimitnan@44171.25SL44109.50TP44446.10TR44165.60 @ 24-01-08.06:25=O44047.10,H44199.40,L44047.10,C44185.10V24.68
DEBUG@01-10.13:22:03:repeated Signal:Signal@2024-01-08 06:25:00+00:00T08.06-22:StopLimitnan@44171.25SL44109.50TP44446.10TR44165.60@2024-01-08 06:25:00+00:00 
DEBUG@01-10.13:22:03:Order:Sell>-0.1619@44109.50Ref32Stop Completed
DEBUG@01-10.13:22:03:Order:Sell>-0.1619@44446.10Ref33Limit Canceled
DEBUG@01-10.13:22:03:Order:Sell>-0.1619@44103.85Ref37Limit Completed
DEBUG@01-10.13:22:03:repeating Signal  according to Stop-Loss on Signal@(Timestamp('2024-01-08 06:21:00+0000', tz='UTC'), Timestamp('2024-01-07 18:45:00+0000', tz='UTC'), '15min', 'sell')T08.06-22:StopLimitnan@44103.85SL44165.60TP43829.00TR44109.50 @ 24-01-08.06:26=O44185.10,H44190.60,L44078.30,C44086.90V16.34
DEBUG@01-10.13:22:03:repeated Signal:Signal@2024-01-08 06:26:00+00:00T08.06-22:StopLimitnan@44103.85SL44165.60TP43829.00TR44109.50@2024-01-08 06:26:00+00:00 
DEBUG@01-10.13:22:03:Order:Buy<0.1619@44165.60Ref38Stop Completed
DEBUG@01-10.13:22:04:Order:Buy<0.1619@43829.00Ref39Limit Canceled
DEBUG@01-10.13:22:04:Ran 3300 Next()s reached 2024-01-08 07:00:00+00:00
DEBUG@01-10.13:22:04:Ran 3400 Next()s reached 2024-01-08 08:40:00+00:00
DEBUG@01-10.13:22:05:Ran 3500 Next()s reached 2024-01-08 10:20:00+00:00
DEBUG@01-10.13:22:05:Ran 3600 Next()s reached 2024-01-08 12:00:00+00:00
DEBUG@01-10.13:22:06:Ran 3700 Next()s reached 2024-01-08 13:40:00+00:00
DEBUG@01-10.13:22:06:Ran 3800 Next()s reached 2024-01-08 15:20:00+00:00
DEBUG@01-10.13:22:07:Ran 3900 Next()s reached 2024-01-08 17:00:00+00:00
DEBUG@01-10.13:22:08:Ran 4000 Next()s reached 2024-01-08 18:40:00+00:00
DEBUG@01-10.13:22:08:Ran 4100 Next()s reached 2024-01-08 20:20:00+00:00
DEBUG@01-10.13:22:09:Ran 4200 Next()s reached 2024-01-08 22:00:00+00:00
DEBUG@01-10.13:22:09:Ran 4300 Next()s reached 2024-01-08 23:40:00+00:00
DEBUG@01-10.13:22:10:Ran 4400 Next()s reached 2024-01-09 01:20:00+00:00
DEBUG@01-10.13:22:11:Ran 4500 Next()s reached 2024-01-09 03:00:00+00:00
DEBUG@01-10.13:22:11:added Signal Signal@(Timestamp('2024-01-09 03:02:00+0000', tz='UTC'), Timestamp('2024-01-08 20:15:00+0000', tz='UTC'), '15min', 'buy')T11.12-15:StopLimitnan@47029.47SL46815.60TP48003.60TR47013.60 @ 2024-01-09 03:02:00+00:00
DEBUG@01-10.13:22:11:added Signal Signal@(Timestamp('2024-01-09 03:02:00+0000', tz='UTC'), Timestamp('2024-01-08 23:00:00+0000', tz='UTC'), '1h', 'buy')T19.15-00:StopLimitnan@47119.09SL46833.30TP48408.90TR47095.90 @ 2024-01-09 03:02:00+00:00
DEBUG@01-10.13:22:11:Signal:Signal@(Timestamp('2024-01-09 03:02:00+0000', tz='UTC'), Timestamp('2024-01-08 20:15:00+0000', tz='UTC'), '15min', 'buy')T11.12-15:StopLimitnan@47029.47SL46815.60TP48003.60TR47013.60 Ordered: O:Buy<0.0468@47013.60Ref40StopLimit S:Sell>-0.0468@46815.60Ref41Stop P:Sell>-0.0468@48003.60Ref42Limit
DEBUG@01-10.13:22:11:Signal:Signal@(Timestamp('2024-01-09 03:02:00+0000', tz='UTC'), Timestamp('2024-01-08 23:00:00+0000', tz='UTC'), '1h', 'buy')T19.15-00:StopLimitnan@47119.09SL46833.30TP48408.90TR47095.90 Ordered: O:Buy<0.0350@47095.90Ref43StopLimit S:Sell>-0.0350@46833.30Ref44Stop P:Sell>-0.0350@48408.90Ref45Limit
DEBUG@01-10.13:22:11:Order:Buy<0.0468@47013.60Ref40StopLimit Submitted
DEBUG@01-10.13:22:11:Order:Sell>-0.0468@46815.60Ref41Stop Submitted
DEBUG@01-10.13:22:11:Order:Sell>-0.0468@48003.60Ref42Limit Submitted
DEBUG@01-10.13:22:11:Order:Buy<0.0350@47095.90Ref43StopLimit Submitted
DEBUG@01-10.13:22:11:Order:Sell>-0.0350@46833.30Ref44Stop Submitted
DEBUG@01-10.13:22:11:Order:Sell>-0.0350@48408.90Ref45Limit Submitted
DEBUG@01-10.13:22:11:Order:Buy<0.0468@47013.60Ref40StopLimit Submitted
DEBUG@01-10.13:22:11:Order:Sell>-0.0468@46815.60Ref41Stop Submitted
DEBUG@01-10.13:22:11:Order:Sell>-0.0468@48003.60Ref42Limit Submitted
DEBUG@01-10.13:22:11:Order:Buy<0.0350@47095.90Ref43StopLimit Submitted
DEBUG@01-10.13:22:11:Order:Sell>-0.0350@46833.30Ref44Stop Submitted
DEBUG@01-10.13:22:11:Order:Sell>-0.0350@48408.90Ref45Limit Submitted
DEBUG@01-10.13:22:11:Ran 4600 Next()s reached 2024-01-09 04:40:00+00:00
DEBUG@01-10.13:22:12:added Signal Signal@(Timestamp('2024-01-09 06:13:00+0000', tz='UTC'), Timestamp('2024-01-09 03:30:00+0000', tz='UTC'), '15min', 'buy')T11.19-30:StopLimitnan@46967.08SL46821.80TP47631.80TR46956.80 @ 2024-01-09 06:13:00+00:00
DEBUG@01-10.13:22:12:added Signal Signal@(Timestamp('2024-01-09 06:13:00+0000', tz='UTC'), Timestamp('2024-01-09 03:45:00+0000', tz='UTC'), '15min', 'buy')T11.19-45:StopLimitnan@46966.85SL46821.80TP47631.80TR46956.80 @ 2024-01-09 06:13:00+00:00
DEBUG@01-10.13:22:12:Signal:Signal@(Timestamp('2024-01-09 06:13:00+0000', tz='UTC'), Timestamp('2024-01-09 03:30:00+0000', tz='UTC'), '15min', 'buy')T11.19-30:StopLimitnan@46967.08SL46821.80TP47631.80TR46956.80 Ordered: O:Buy<0.0688@46956.80Ref46StopLimit S:Sell>-0.0688@46821.80Ref47Stop P:Sell>-0.0688@47631.80Ref48Limit
DEBUG@01-10.13:22:12:Signal:Signal@(Timestamp('2024-01-09 06:13:00+0000', tz='UTC'), Timestamp('2024-01-09 03:45:00+0000', tz='UTC'), '15min', 'buy')T11.19-45:StopLimitnan@46966.85SL46821.80TP47631.80TR46956.80 Ordered: O:Buy<0.0689@46956.80Ref49StopLimit S:Sell>-0.0689@46821.80Ref50Stop P:Sell>-0.0689@47631.80Ref51Limit
DEBUG@01-10.13:22:12:Order:Buy<0.0688@46956.80Ref46StopLimit Submitted
DEBUG@01-10.13:22:12:Order:Sell>-0.0688@46821.80Ref47Stop Submitted
DEBUG@01-10.13:22:12:Order:Sell>-0.0688@47631.80Ref48Limit Submitted
DEBUG@01-10.13:22:12:Order:Buy<0.0689@46956.80Ref49StopLimit Submitted
DEBUG@01-10.13:22:12:Order:Sell>-0.0689@46821.80Ref50Stop Submitted
DEBUG@01-10.13:22:12:Order:Sell>-0.0689@47631.80Ref51Limit Submitted
DEBUG@01-10.13:22:12:Order:Buy<0.0688@46956.80Ref46StopLimit Submitted
DEBUG@01-10.13:22:12:Order:Sell>-0.0688@46821.80Ref47Stop Submitted
DEBUG@01-10.13:22:12:Order:Sell>-0.0688@47631.80Ref48Limit Submitted
DEBUG@01-10.13:22:12:Order:Buy<0.0689@46956.80Ref49StopLimit Submitted
DEBUG@01-10.13:22:12:Order:Sell>-0.0689@46821.80Ref50Stop Submitted
DEBUG@01-10.13:22:12:Order:Sell>-0.0689@47631.80Ref51Limit Submitted
DEBUG@01-10.13:22:12:Ran 4700 Next()s reached 2024-01-09 06:20:00+00:00
DEBUG@01-10.13:22:13:Ran 4800 Next()s reached 2024-01-09 08:00:00+00:00
DEBUG@01-10.13:22:14:Ran 4900 Next()s reached 2024-01-09 09:40:00+00:00
DEBUG@01-10.13:22:14:Ran 5000 Next()s reached 2024-01-09 11:20:00+00:00
DEBUG@01-10.13:22:15:Order:Buy<0.0688@46956.80Ref46StopLimit Completed
DEBUG@01-10.13:22:15:Order:Buy<0.0689@46956.80Ref49StopLimit Completed
DEBUG@01-10.13:22:15:repeating Signal  according to Stop-Loss on Signal@(Timestamp('2024-01-09 06:13:00+0000', tz='UTC'), Timestamp('2024-01-09 03:30:00+0000', tz='UTC'), '15min', 'buy')T09.06-13:StopLimitnan@46967.08SL46821.80TP47631.80TR46956.80 @ 24-01-09.12:54=O46879.40,H46888.10,L46705.30,C46802.80V66.26
DEBUG@01-10.13:22:15:repeated Signal:Signal@2024-01-09 12:54:00+00:00T09.06-13:StopLimitnan@46967.08SL46821.80TP47631.80TR46956.80@2024-01-09 12:54:00+00:00 
DEBUG@01-10.13:22:15:Order:Sell>-0.0688@46821.80Ref47Stop Completed
DEBUG@01-10.13:22:15:Order:Sell>-0.0688@47631.80Ref48Limit Canceled
DEBUG@01-10.13:22:15:repeating Signal  according to Stop-Loss on Signal@(Timestamp('2024-01-09 06:13:00+0000', tz='UTC'), Timestamp('2024-01-09 03:45:00+0000', tz='UTC'), '15min', 'buy')T09.06-13:StopLimitnan@46966.85SL46821.80TP47631.80TR46956.80 @ 24-01-09.12:54=O46879.40,H46888.10,L46705.30,C46802.80V66.26
DEBUG@01-10.13:22:15:repeated Signal:Signal@2024-01-09 12:54:00+00:00T09.06-13:StopLimitnan@46966.85SL46821.80TP47631.80TR46956.80@2024-01-09 12:54:00+00:00 
DEBUG@01-10.13:22:15:Order:Sell>-0.0689@46821.80Ref50Stop Completed
DEBUG@01-10.13:22:15:Order:Sell>-0.0689@47631.80Ref51Limit Canceled
DEBUG@01-10.13:22:15:added Signal Signal@(Timestamp('2024-01-09 12:56:00+0000', tz='UTC'), Timestamp('2024-01-09 11:00:00+0000', tz='UTC'), '1h', 'buy')T20.03-00:StopLimitnan@46660.17SL46427.10TP47704.50TR46640.00 @ 2024-01-09 12:56:00+00:00
DEBUG@01-10.13:22:15:Signal:Signal@(Timestamp('2024-01-09 12:56:00+0000', tz='UTC'), Timestamp('2024-01-09 11:00:00+0000', tz='UTC'), '1h', 'buy')T20.03-00:StopLimitnan@46660.17SL46427.10TP47704.50TR46640.00 Ordered: O:Buy<0.0429@46640.00Ref52StopLimit S:Sell>-0.0429@46427.10Ref53Stop P:Sell>-0.0429@47704.50Ref54Limit
DEBUG@01-10.13:22:15:Order:Buy<0.0429@46640.00Ref52StopLimit Submitted
DEBUG@01-10.13:22:15:Order:Sell>-0.0429@46427.10Ref53Stop Submitted
DEBUG@01-10.13:22:15:Order:Sell>-0.0429@47704.50Ref54Limit Submitted
DEBUG@01-10.13:22:15:Order:Buy<0.0429@46640.00Ref52StopLimit Submitted
DEBUG@01-10.13:22:15:Order:Sell>-0.0429@46427.10Ref53Stop Submitted
DEBUG@01-10.13:22:15:Order:Sell>-0.0429@47704.50Ref54Limit Submitted
DEBUG@01-10.13:22:15:Ran 5100 Next()s reached 2024-01-09 13:00:00+00:00
DEBUG@01-10.13:22:15:Order:Buy<0.0429@46640.00Ref52StopLimit Completed
DEBUG@01-10.13:22:15:Order:Buy<0.0468@47013.60Ref40StopLimit Completed
DEBUG@01-10.13:22:15:repeating Signal  according to Stop-Loss on Signal@(Timestamp('2024-01-09 03:02:00+0000', tz='UTC'), Timestamp('2024-01-08 20:15:00+0000', tz='UTC'), '15min', 'buy')T09.03-02:StopLimitnan@47029.47SL46815.60TP48003.60TR47013.60 @ 24-01-09.13:55=O46905.20,H46917.60,L46815.00,C46843.20V7.15
DEBUG@01-10.13:22:15:repeated Signal:Signal@2024-01-09 13:55:00+00:00T09.03-02:StopLimitnan@47029.47SL46815.60TP48003.60TR47013.60@2024-01-09 13:55:00+00:00 
DEBUG@01-10.13:22:15:Order:Sell>-0.0468@46815.60Ref41Stop Completed
DEBUG@01-10.13:22:16:Order:Sell>-0.0468@48003.60Ref42Limit Canceled
DEBUG@01-10.13:22:16:added Signal Signal@(Timestamp('2024-01-09 14:36:00+0000', tz='UTC'), Timestamp('2024-01-09 11:00:00+0000', tz='UTC'), '1h', 'sell')T20.03-00:StopLimitnan@46406.93SL46640.00TP45362.60TR46427.10 @ 2024-01-09 14:36:00+00:00
DEBUG@01-10.13:22:16:Ran 5200 Next()s reached 2024-01-09 14:40:00+00:00
DEBUG@01-10.13:22:16:Ran 5300 Next()s reached 2024-01-09 16:20:00+00:00
DEBUG@01-10.13:22:17:Ran 5400 Next()s reached 2024-01-09 18:00:00+00:00
DEBUG@01-10.13:22:18:added Signal Signal@(Timestamp('2024-01-09 19:32:00+0000', tz='UTC'), Timestamp('2024-01-09 17:15:00+0000', tz='UTC'), '15min', 'buy')T12.09-15:StopLimitnan@46920.53SL46788.80TP47510.00TR46909.00 @ 2024-01-09 19:32:00+00:00
DEBUG@01-10.13:22:18:Ran 5500 Next()s reached 2024-01-09 19:40:00+00:00
DEBUG@01-10.13:22:18:Order:Buy<0.0350@47095.90Ref43StopLimit Completed
DEBUG@01-10.13:22:18:added Signal Signal@(Timestamp('2024-01-09 21:11:00+0000', tz='UTC'), Timestamp('2024-01-08 20:15:00+0000', tz='UTC'), '15min', 'sell')T11.12-15:StopLimitnan@46799.73SL47013.60TP45825.60TR46815.60 @ 2024-01-09 21:11:00+00:00
DEBUG@01-10.13:22:18:added Signal Signal@(Timestamp('2024-01-09 21:11:00+0000', tz='UTC'), Timestamp('2024-01-09 03:30:00+0000', tz='UTC'), '15min', 'sell')T11.19-30:StopLimitnan@46811.52SL46956.80TP46146.80TR46821.80 @ 2024-01-09 21:11:00+00:00
DEBUG@01-10.13:22:19:added Signal Signal@(Timestamp('2024-01-09 21:11:00+0000', tz='UTC'), Timestamp('2024-01-09 03:45:00+0000', tz='UTC'), '15min', 'sell')T11.19-45:StopLimitnan@46811.75SL46956.80TP46146.80TR46821.80 @ 2024-01-09 21:11:00+00:00
DEBUG@01-10.13:22:19:added Signal Signal@(Timestamp('2024-01-09 21:11:00+0000', tz='UTC'), Timestamp('2024-01-09 17:15:00+0000', tz='UTC'), '15min', 'sell')T12.09-15:StopLimitnan@46777.27SL46909.00TP46187.80TR46788.80 @ 2024-01-09 21:11:00+00:00
DEBUG@01-10.13:22:19:Took profit on Signal:Signal@(Timestamp('2024-01-09 12:56:00+0000', tz='UTC'), Timestamp('2024-01-09 11:00:00+0000', tz='UTC'), '1h', 'buy')T09.12-56:StopLimitnan@46660.17SL46427.10TP47704.50TR46640.00@2024-01-09 21:12:00+00:00
DEBUG@01-10.13:22:19:Order:Sell>-0.0429@47704.50Ref54Limit Completed
DEBUG@01-10.13:22:19:Order:Sell>-0.0429@46427.10Ref53Stop Canceled
DEBUG@01-10.13:22:19:repeating Signal  according to Stop-Loss on Signal@(Timestamp('2024-01-09 03:02:00+0000', tz='UTC'), Timestamp('2024-01-08 23:00:00+0000', tz='UTC'), '1h', 'buy')T09.03-02:StopLimitnan@47119.09SL46833.30TP48408.90TR47095.90 @ 24-01-09.21:15=O47919.10,H47968.00,L46404.90,C46707.50V136.36
DEBUG@01-10.13:22:19:repeated Signal:Signal@2024-01-09 21:15:00+00:00T09.03-02:StopLimitnan@47119.09SL46833.30TP48408.90TR47095.90@2024-01-09 21:15:00+00:00 
DEBUG@01-10.13:22:19:Order:Sell>-0.0350@46833.30Ref44Stop Completed
DEBUG@01-10.13:22:19:Order:Sell>-0.0350@48408.90Ref45Limit Canceled
DEBUG@01-10.13:22:19:added Signal Signal@(Timestamp('2024-01-09 21:15:00+0000', tz='UTC'), Timestamp('2024-01-08 23:00:00+0000', tz='UTC'), '1h', 'sell')T19.15-00:StopLimitnan@46810.11SL47095.90TP45520.30TR46833.30 @ 2024-01-09 21:15:00+00:00
DEBUG@01-10.13:22:19:Signal:Signal@(Timestamp('2024-01-09 14:36:00+0000', tz='UTC'), Timestamp('2024-01-09 11:00:00+0000', tz='UTC'), '1h', 'sell')T20.03-00:StopLimitnan@46406.93SL46640.00TP45362.60TR46427.10 Ordered: O:Sell>-0.0429@46406.93Ref55Limit S:Buy<0.0429@46640.00Ref56Stop P:Buy<0.0429@45362.60Ref57Limit
DEBUG@01-10.13:22:19:Signal:Signal@(Timestamp('2024-01-09 19:32:00+0000', tz='UTC'), Timestamp('2024-01-09 17:15:00+0000', tz='UTC'), '15min', 'buy')T12.09-15:StopLimitnan@46920.53SL46788.80TP47510.00TR46909.00 Ordered: O:Buy<0.0759@46920.53Ref58Limit S:Sell>-0.0759@46788.80Ref59Stop P:Sell>-0.0759@47510.00Ref60Limit
DEBUG@01-10.13:22:19:Signal:Signal@(Timestamp('2024-01-09 21:11:00+0000', tz='UTC'), Timestamp('2024-01-08 20:15:00+0000', tz='UTC'), '15min', 'sell')T11.12-15:StopLimitnan@46799.73SL47013.60TP45825.60TR46815.60 Ordered: O:Sell>-0.0468@46799.73Ref61Limit S:Buy<0.0468@47013.60Ref62Stop P:Buy<0.0468@45825.60Ref63Limit
DEBUG@01-10.13:22:19:Signal:Signal@(Timestamp('2024-01-09 21:11:00+0000', tz='UTC'), Timestamp('2024-01-09 03:30:00+0000', tz='UTC'), '15min', 'sell')T11.19-30:StopLimitnan@46811.52SL46956.80TP46146.80TR46821.80 Ordered: O:Sell>-0.0688@46811.52Ref64Limit S:Buy<0.0688@46956.80Ref65Stop P:Buy<0.0688@46146.80Ref66Limit
DEBUG@01-10.13:22:19:Signal:Signal@(Timestamp('2024-01-09 21:11:00+0000', tz='UTC'), Timestamp('2024-01-09 03:45:00+0000', tz='UTC'), '15min', 'sell')T11.19-45:StopLimitnan@46811.75SL46956.80TP46146.80TR46821.80 Ordered: O:Sell>-0.0689@46811.75Ref67Limit S:Buy<0.0689@46956.80Ref68Stop P:Buy<0.0689@46146.80Ref69Limit
DEBUG@01-10.13:22:19:Signal:Signal@(Timestamp('2024-01-09 21:11:00+0000', tz='UTC'), Timestamp('2024-01-09 17:15:00+0000', tz='UTC'), '15min', 'sell')T12.09-15:StopLimitnan@46777.27SL46909.00TP46187.80TR46788.80 Ordered: O:Sell>-0.0759@46777.27Ref70Limit S:Buy<0.0759@46909.00Ref71Stop P:Buy<0.0759@46187.80Ref72Limit
DEBUG@01-10.13:22:19:Signal:Signal@(Timestamp('2024-01-09 21:15:00+0000', tz='UTC'), Timestamp('2024-01-08 23:00:00+0000', tz='UTC'), '1h', 'sell')T19.15-00:StopLimitnan@46810.11SL47095.90TP45520.30TR46833.30 Ordered: O:Sell>-0.0350@46810.11Ref73Limit S:Buy<0.0350@47095.90Ref74Stop P:Buy<0.0350@45520.30Ref75Limit
DEBUG@01-10.13:22:19:Order:Sell>-0.0429@46406.93Ref55Limit Submitted
DEBUG@01-10.13:22:19:Order:Buy<0.0429@46640.00Ref56Stop Submitted
DEBUG@01-10.13:22:19:Order:Buy<0.0429@45362.60Ref57Limit Submitted
DEBUG@01-10.13:22:19:Order:Buy<0.0759@46920.53Ref58Limit Submitted
DEBUG@01-10.13:22:19:Order:Sell>-0.0759@46788.80Ref59Stop Submitted
DEBUG@01-10.13:22:19:Order:Sell>-0.0759@47510.00Ref60Limit Submitted
DEBUG@01-10.13:22:19:Order:Sell>-0.0468@46799.73Ref61Limit Submitted
DEBUG@01-10.13:22:19:Order:Buy<0.0468@47013.60Ref62Stop Submitted
DEBUG@01-10.13:22:19:Order:Buy<0.0468@45825.60Ref63Limit Submitted
DEBUG@01-10.13:22:19:Order:Sell>-0.0688@46811.52Ref64Limit Submitted
DEBUG@01-10.13:22:19:Order:Buy<0.0688@46956.80Ref65Stop Submitted
DEBUG@01-10.13:22:19:Order:Buy<0.0688@46146.80Ref66Limit Submitted
DEBUG@01-10.13:22:19:Order:Sell>-0.0689@46811.75Ref67Limit Submitted
DEBUG@01-10.13:22:19:Order:Buy<0.0689@46956.80Ref68Stop Submitted
DEBUG@01-10.13:22:19:Order:Buy<0.0689@46146.80Ref69Limit Submitted
DEBUG@01-10.13:22:19:Order:Sell>-0.0759@46777.27Ref70Limit Submitted
DEBUG@01-10.13:22:19:Order:Buy<0.0759@46909.00Ref71Stop Submitted
DEBUG@01-10.13:22:19:Order:Buy<0.0759@46187.80Ref72Limit Submitted
DEBUG@01-10.13:22:19:Order:Sell>-0.0350@46810.11Ref73Limit Submitted
DEBUG@01-10.13:22:19:Order:Buy<0.0350@47095.90Ref74Stop Submitted
DEBUG@01-10.13:22:19:Order:Buy<0.0350@45520.30Ref75Limit Submitted
DEBUG@01-10.13:22:19:Order:Sell>-0.0429@46406.93Ref55Limit Submitted
DEBUG@01-10.13:22:19:Order:Buy<0.0429@46640.00Ref56Stop Submitted
DEBUG@01-10.13:22:19:Order:Buy<0.0429@45362.60Ref57Limit Submitted
DEBUG@01-10.13:22:19:Order:Buy<0.0759@46920.53Ref58Limit Submitted
DEBUG@01-10.13:22:19:Order:Sell>-0.0759@46788.80Ref59Stop Submitted
DEBUG@01-10.13:22:19:Order:Sell>-0.0759@47510.00Ref60Limit Submitted
DEBUG@01-10.13:22:19:Order:Sell>-0.0468@46799.73Ref61Limit Submitted
DEBUG@01-10.13:22:19:Order:Buy<0.0468@47013.60Ref62Stop Submitted
DEBUG@01-10.13:22:19:Order:Buy<0.0468@45825.60Ref63Limit Submitted
DEBUG@01-10.13:22:19:Order:Sell>-0.0688@46811.52Ref64Limit Submitted
DEBUG@01-10.13:22:19:Order:Buy<0.0688@46956.80Ref65Stop Submitted
DEBUG@01-10.13:22:19:Order:Buy<0.0688@46146.80Ref66Limit Submitted
DEBUG@01-10.13:22:20:Order:Sell>-0.0689@46811.75Ref67Limit Submitted
DEBUG@01-10.13:22:20:Order:Buy<0.0689@46956.80Ref68Stop Submitted
DEBUG@01-10.13:22:20:Order:Buy<0.0689@46146.80Ref69Limit Submitted
DEBUG@01-10.13:22:20:Order:Sell>-0.0759@46777.27Ref70Limit Submitted
DEBUG@01-10.13:22:20:Order:Buy<0.0759@46909.00Ref71Stop Submitted
DEBUG@01-10.13:22:20:Order:Buy<0.0759@46187.80Ref72Limit Submitted
DEBUG@01-10.13:22:20:Order:Sell>-0.0350@46810.11Ref73Limit Submitted
DEBUG@01-10.13:22:20:Order:Buy<0.0350@47095.90Ref74Stop Submitted
DEBUG@01-10.13:22:20:Order:Buy<0.0350@45520.30Ref75Limit Submitted
DEBUG@01-10.13:22:20:Order:Sell>-0.0429@46406.93Ref55Limit Completed
DEBUG@01-10.13:22:20:Order:Buy<0.0759@46920.53Ref58Limit Completed
DEBUG@01-10.13:22:20:Order:Sell>-0.0468@46799.73Ref61Limit Completed
DEBUG@01-10.13:22:20:Order:Sell>-0.0688@46811.52Ref64Limit Completed
DEBUG@01-10.13:22:20:Order:Sell>-0.0689@46811.75Ref67Limit Completed
DEBUG@01-10.13:22:20:Order:Sell>-0.0759@46777.27Ref70Limit Completed
DEBUG@01-10.13:22:20:Order:Sell>-0.0350@46810.11Ref73Limit Completed
DEBUG@01-10.13:22:20:repeating Signal  according to Stop-Loss on Signal@(Timestamp('2024-01-09 14:36:00+0000', tz='UTC'), Timestamp('2024-01-09 11:00:00+0000', tz='UTC'), '1h', 'sell')T09.21-15:StopLimitnan@46406.93SL46640.00TP45362.60TR46427.10 @ 24-01-09.21:17=O46686.70,H46703.90,L45605.00,C46074.40V161.05
DEBUG@01-10.13:22:20:repeated Signal:Signal@2024-01-09 21:17:00+00:00T09.21-15:StopLimitnan@46406.93SL46640.00TP45362.60TR46427.10@2024-01-09 21:17:00+00:00 
DEBUG@01-10.13:22:20:Order:Buy<0.0429@46640.00Ref56Stop Completed
DEBUG@01-10.13:22:20:Order:Buy<0.0429@45362.60Ref57Limit Canceled
DEBUG@01-10.13:22:20:repeating Signal  according to Stop-Loss on Signal@(Timestamp('2024-01-09 19:32:00+0000', tz='UTC'), Timestamp('2024-01-09 17:15:00+0000', tz='UTC'), '15min', 'buy')T09.21-15:StopLimitnan@46920.53SL46788.80TP47510.00TR46909.00 @ 24-01-09.21:17=O46686.70,H46703.90,L45605.00,C46074.40V161.05
DEBUG@01-10.13:22:20:repeated Signal:Signal@2024-01-09 21:17:00+00:00T09.21-15:StopLimitnan@46920.53SL46788.80TP47510.00TR46909.00@2024-01-09 21:17:00+00:00 
DEBUG@01-10.13:22:20:Order:Sell>-0.0759@46788.80Ref59Stop Completed
DEBUG@01-10.13:22:20:Order:Sell>-0.0759@47510.00Ref60Limit Canceled
DEBUG@01-10.13:22:20:Took profit on Signal:Signal@(Timestamp('2024-01-09 21:11:00+0000', tz='UTC'), Timestamp('2024-01-08 20:15:00+0000', tz='UTC'), '15min', 'sell')T09.21-15:StopLimitnan@46799.73SL47013.60TP45825.60TR46815.60@2024-01-09 21:17:00+00:00
DEBUG@01-10.13:22:20:Order:Buy<0.0468@45825.60Ref63Limit Completed
DEBUG@01-10.13:22:20:Order:Buy<0.0468@47013.60Ref62Stop Canceled
DEBUG@01-10.13:22:20:Took profit on Signal:Signal@(Timestamp('2024-01-09 21:11:00+0000', tz='UTC'), Timestamp('2024-01-09 03:30:00+0000', tz='UTC'), '15min', 'sell')T09.21-15:StopLimitnan@46811.52SL46956.80TP46146.80TR46821.80@2024-01-09 21:17:00+00:00
DEBUG@01-10.13:22:20:Order:Buy<0.0688@46146.80Ref66Limit Completed
DEBUG@01-10.13:22:20:Order:Buy<0.0688@46956.80Ref65Stop Canceled
DEBUG@01-10.13:22:20:Took profit on Signal:Signal@(Timestamp('2024-01-09 21:11:00+0000', tz='UTC'), Timestamp('2024-01-09 03:45:00+0000', tz='UTC'), '15min', 'sell')T09.21-15:StopLimitnan@46811.75SL46956.80TP46146.80TR46821.80@2024-01-09 21:17:00+00:00
DEBUG@01-10.13:22:20:Order:Buy<0.0689@46146.80Ref69Limit Completed
DEBUG@01-10.13:22:20:Order:Buy<0.0689@46956.80Ref68Stop Canceled
DEBUG@01-10.13:22:20:Took profit on Signal:Signal@(Timestamp('2024-01-09 21:11:00+0000', tz='UTC'), Timestamp('2024-01-09 17:15:00+0000', tz='UTC'), '15min', 'sell')T09.21-15:StopLimitnan@46777.27SL46909.00TP46187.80TR46788.80@2024-01-09 21:17:00+00:00
DEBUG@01-10.13:22:20:Order:Buy<0.0759@46187.80Ref72Limit Completed
DEBUG@01-10.13:22:20:Order:Buy<0.0759@46909.00Ref71Stop Canceled
DEBUG@01-10.13:22:20:Ran 5600 Next()s reached 2024-01-09 21:20:00+00:00
DEBUG@01-10.13:22:20:Took profit on Signal:Signal@(Timestamp('2024-01-09 21:15:00+0000', tz='UTC'), Timestamp('2024-01-08 23:00:00+0000', tz='UTC'), '1h', 'sell')T09.21-15:StopLimitnan@46810.11SL47095.90TP45520.30TR46833.30@2024-01-09 21:25:00+00:00
DEBUG@01-10.13:22:20:Order:Buy<0.0350@45520.30Ref75Limit Completed
DEBUG@01-10.13:22:20:Order:Buy<0.0350@47095.90Ref74Stop Canceled
DEBUG@01-10.13:22:21:Ran 5700 Next()s reached 2024-01-09 23:00:00+00:00
DEBUG@01-10.13:22:21:Ran 5760 Next()s reached 2024-01-09 23:59:00+00:00
DEBUG@01-10.13:22:21:Stopping!
